<?xml version="1.0" encoding="UTF-8"?>
<testng-results ignored="0" total="1" passed="1" failed="0" skipped="0">
  <reporter-output>
  </reporter-output>
  <suite started-at="2025-10-17T17:16:21 IST" name="Default suite" finished-at="2025-10-17T17:16:32 IST" duration-ms="11243">
    <groups>
      <group name="cucumber">
        <method signature="AbstractTestNGCucumberTests.runScenario(io.cucumber.testng.PickleWrapper,io.cucumber.testng.FeatureWrapper)[pri:0, instance:testRunner.runnerfile@3270d194]" name="runScenario" class="io.cucumber.testng.AbstractTestNGCucumberTests"/>
      </group> <!-- cucumber -->
    </groups>
    <test started-at="2025-10-17T17:16:21 IST" name="Default test" finished-at="2025-10-17T17:16:32 IST" duration-ms="11243">
      <class name="testRunner.runnerfile">
        <test-method is-config="true" signature="setUpClass(org.testng.ITestContext)[pri:0, instance:testRunner.runnerfile@3270d194]" started-at="2025-10-17T17:16:21 IST" name="setUpClass" finished-at="2025-10-17T17:16:22 IST" duration-ms="832" status="PASS">
          <params>
            <param index="0">
              <value>
                <![CDATA[org.testng.TestRunner@2f4c2cd4]]>
              </value>
            </param>
          </params>
          <reporter-output>
          </reporter-output>
        </test-method> <!-- setUpClass -->
        <test-method signature="runScenario(io.cucumber.testng.PickleWrapper,io.cucumber.testng.FeatureWrapper)[pri:0, instance:testRunner.runnerfile@3270d194]" started-at="2025-10-17T17:16:22 IST" name="runScenario" description="Runs Cucumber Scenarios" data-provider="scenarios" finished-at="2025-10-17T17:16:32 IST" duration-ms="9960" status="PASS">
          <params>
            <param index="0">
              <value>
                <![CDATA["Login to RoyalPage website"]]>
              </value>
            </param>
            <param index="1">
              <value>
                <![CDATA["Login Feature"]]>
              </value>
            </param>
          </params>
          <reporter-output>
          </reporter-output>
        </test-method> <!-- runScenario -->
        <test-method is-config="true" signature="tearDownClass()[pri:0, instance:testRunner.runnerfile@3270d194]" started-at="2025-10-17T17:16:32 IST" name="tearDownClass" finished-at="2025-10-17T17:16:32 IST" duration-ms="399" status="PASS">
          <reporter-output>
          </reporter-output>
        </test-method> <!-- tearDownClass -->
      </class> <!-- testRunner.runnerfile -->
    </test> <!-- Default test -->
  </suite> <!-- Default suite -->
</testng-results>
